[10Nov2025 06:04:50.155] [main/INFO] [net.neoforged.fml.startup.Entrypoint/]: JVM Uptime at startup: 44ms
[10Nov2025 06:04:50.159] [main/INFO] [net.neoforged.fml.loading.FMLLoader/]: Starting FancyModLoader version 10.0.29 (CLIENT in DEV)
[10Nov2025 06:04:50.159] [main/INFO] [net.neoforged.fml.loading.FMLLoader/]: Game directory: /Users/kevin/GitHub Projects/sky-and-sea/run
[10Nov2025 06:04:50.159] [main/DEBUG] [net.neoforged.fml.loading.FMLPaths/CORE]: Path GAMEDIR is /Users/kevin/GitHub Projects/sky-and-sea/run
[10Nov2025 06:04:50.159] [main/DEBUG] [net.neoforged.fml.loading.FMLPaths/CORE]: Path JIJ_CACHEDIR is /Users/kevin/GitHub Projects/sky-and-sea/run/.cache/jij
[10Nov2025 06:04:50.159] [main/DEBUG] [net.neoforged.fml.loading.FMLPaths/CORE]: Path MODSDIR is /Users/kevin/GitHub Projects/sky-and-sea/run/mods
[10Nov2025 06:04:50.160] [main/DEBUG] [net.neoforged.fml.loading.FMLPaths/CORE]: Path CONFIGDIR is /Users/kevin/GitHub Projects/sky-and-sea/run/config
[10Nov2025 06:04:50.160] [main/DEBUG] [net.neoforged.fml.loading.FMLPaths/CORE]: Path FMLCONFIG is /Users/kevin/GitHub Projects/sky-and-sea/run/config/fml.toml
[10Nov2025 06:04:50.175] [ForkJoinPool.commonPool-worker-3/DEBUG] [net.neoforged.fml.loading.EarlyServiceDiscovery/]: /Users/kevin/.gradle/caches/modules-2/files-2.1/net.neoforged.fancymodloader/earlydisplay/10.0.29/6268812ffd0c16cc1eea921b2335d58585384574/earlydisplay-10.0.29.jar contains early service net.neoforged.neoforgespi.earlywindow.ImmediateWindowProvider
[10Nov2025 06:04:50.175] [ForkJoinPool.commonPool-worker-9/DEBUG] [net.neoforged.fml.loading.EarlyServiceDiscovery/]: /Users/kevin/.gradle/caches/modules-2/files-2.1/net.neoforged.fancymodloader/loader/10.0.29/623a30d16a3a06ae8bd93074178a756e6aa55158/loader-10.0.29.jar contains early service net.neoforged.neoforgespi.locating.IModFileReader
[10Nov2025 06:04:50.179] [ForkJoinPool.commonPool-worker-9/DEBUG] [net.neoforged.fml.loading.moddiscovery.ModFile/LOADING]: Loading mod file /Users/kevin/.gradle/caches/modules-2/files-2.1/net.neoforged.fancymodloader/loader/10.0.29/623a30d16a3a06ae8bd93074178a756e6aa55158/loader-10.0.29.jar with languages []
[10Nov2025 06:04:50.179] [ForkJoinPool.commonPool-worker-3/DEBUG] [net.neoforged.fml.loading.moddiscovery.ModFile/LOADING]: Loading mod file /Users/kevin/.gradle/caches/modules-2/files-2.1/net.neoforged.fancymodloader/earlydisplay/10.0.29/6268812ffd0c16cc1eea921b2335d58585384574/earlydisplay-10.0.29.jar with languages []
[10Nov2025 06:04:50.180] [main/INFO] [net.neoforged.fml.loading.EarlyServiceDiscovery/]: Found 2 early service jars (out of 109) in 8ms
[10Nov2025 06:04:50.180] [main/INFO] [net.neoforged.fml.loading.FMLLoader/]: Loading FML Early Services:
[10Nov2025 06:04:50.180] [main/INFO] [net.neoforged.fml.loading.FMLLoader/]:  - /Users/kevin/.gradle/caches/modules-2/files-2.1/net.neoforged.fancymodloader/loader/10.0.29/623a30d16a3a06ae8bd93074178a756e6aa55158/loader-10.0.29.jar
[10Nov2025 06:04:50.181] [main/INFO] [net.neoforged.fml.loading.FMLLoader/]:  - /Users/kevin/.gradle/caches/modules-2/files-2.1/net.neoforged.fancymodloader/earlydisplay/10.0.29/6268812ffd0c16cc1eea921b2335d58585384574/earlydisplay-10.0.29.jar
[10Nov2025 06:04:50.183] [main/DEBUG] [net.neoforged.fml.util.ServiceLoaderUtil/CORE]: Found 0 implementations of GraphicsBootstrapper:
[10Nov2025 06:04:50.183] [main/INFO] [net.neoforged.fml.loading.ImmediateWindowHandler/]: Loading ImmediateWindowProvider fmlearlywindow
[10Nov2025 06:04:50.185] [main/DEBUG] [net.neoforged.fml.util.ServiceLoaderUtil/CORE]: Found 1 implementations of ImmediateWindowProvider:
[10Nov2025 06:04:50.185] [main/DEBUG] [net.neoforged.fml.util.ServiceLoaderUtil/CORE]: 	net.neoforged.fml.earlydisplay.DisplayWindow from /Users/kevin/.gradle/caches/modules-2/files-2.1/net.neoforged.fancymodloader/earlydisplay/10.0.29/6268812ffd0c16cc1eea921b2335d58585384574/earlydisplay-10.0.29.jar
[10Nov2025 06:04:50.198] [main/DEBUG] [net.neoforged.fml.earlydisplay.theme.ThemeLoader/]: Loading built-in theme default
[10Nov2025 06:04:50.343] [main/WARN] [EARLYDISPLAY/]: Failed to set window icon: [0x1000C] Cocoa: Regular windows do not have icons on macOS
[10Nov2025 06:04:50.385] [ForkJoinPool.commonPool-worker-5/DEBUG] [net.neoforged.fml.util.ServiceLoaderUtil/CORE]: Found 4 implementations of IModFileCandidateLocator:
[10Nov2025 06:04:50.386] [ForkJoinPool.commonPool-worker-5/DEBUG] [net.neoforged.fml.util.ServiceLoaderUtil/CORE]: 	    1000 - [built-in] net.neoforged.fml.loading.moddiscovery.locators.GameLocator from /Users/kevin/.gradle/caches/modules-2/files-2.1/net.neoforged.fancymodloader/loader/10.0.29/623a30d16a3a06ae8bd93074178a756e6aa55158/loader-10.0.29.jar
[10Nov2025 06:04:50.386] [ForkJoinPool.commonPool-worker-5/DEBUG] [net.neoforged.fml.util.ServiceLoaderUtil/CORE]: 	    1000 - [built-in] net.neoforged.fml.loading.moddiscovery.locators.InDevFolderLocator from /Users/kevin/.gradle/caches/modules-2/files-2.1/net.neoforged.fancymodloader/loader/10.0.29/623a30d16a3a06ae8bd93074178a756e6aa55158/loader-10.0.29.jar
[10Nov2025 06:04:50.386] [ForkJoinPool.commonPool-worker-5/DEBUG] [net.neoforged.fml.util.ServiceLoaderUtil/CORE]: 	    1000 - [built-in] net.neoforged.fml.loading.moddiscovery.locators.InDevJarLocator from /Users/kevin/.gradle/caches/modules-2/files-2.1/net.neoforged.fancymodloader/loader/10.0.29/623a30d16a3a06ae8bd93074178a756e6aa55158/loader-10.0.29.jar
[10Nov2025 06:04:50.386] [ForkJoinPool.commonPool-worker-5/DEBUG] [net.neoforged.fml.util.ServiceLoaderUtil/CORE]: 	       0 - [built-in] net.neoforged.fml.loading.moddiscovery.locators.ModsFolderLocator from /Users/kevin/.gradle/caches/modules-2/files-2.1/net.neoforged.fancymodloader/loader/10.0.29/623a30d16a3a06ae8bd93074178a756e6aa55158/loader-10.0.29.jar
[10Nov2025 06:04:50.387] [ForkJoinPool.commonPool-worker-5/DEBUG] [net.neoforged.fml.util.ServiceLoaderUtil/CORE]: Found 2 implementations of IModFileReader:
[10Nov2025 06:04:50.387] [ForkJoinPool.commonPool-worker-5/DEBUG] [net.neoforged.fml.util.ServiceLoaderUtil/CORE]: 	       0 - net.neoforged.fml.loading.moddiscovery.readers.JarModsDotTomlModFileReader from /Users/kevin/.gradle/caches/modules-2/files-2.1/net.neoforged.fancymodloader/loader/10.0.29/623a30d16a3a06ae8bd93074178a756e6aa55158/loader-10.0.29.jar
[10Nov2025 06:04:50.387] [ForkJoinPool.commonPool-worker-5/DEBUG] [net.neoforged.fml.util.ServiceLoaderUtil/CORE]: 	   -1000 - net.neoforged.fml.loading.moddiscovery.readers.NestedLibraryModReader from /Users/kevin/.gradle/caches/modules-2/files-2.1/net.neoforged.fancymodloader/loader/10.0.29/623a30d16a3a06ae8bd93074178a756e6aa55158/loader-10.0.29.jar
[10Nov2025 06:04:50.388] [ForkJoinPool.commonPool-worker-5/DEBUG] [net.neoforged.fml.util.ServiceLoaderUtil/CORE]: Found 1 implementations of IDependencyLocator:
[10Nov2025 06:04:50.388] [ForkJoinPool.commonPool-worker-5/DEBUG] [net.neoforged.fml.util.ServiceLoaderUtil/CORE]: 	       0 - net.neoforged.fml.loading.moddiscovery.locators.JarInJarDependencyLocator from /Users/kevin/.gradle/caches/modules-2/files-2.1/net.neoforged.fancymodloader/loader/10.0.29/623a30d16a3a06ae8bd93074178a756e6aa55158/loader-10.0.29.jar
[10Nov2025 06:04:50.457] [ForkJoinPool.commonPool-worker-5/DEBUG] [net.neoforged.fml.loading.moddiscovery.locators.RequiredSystemFiles/]: Found NeoForge MANIFEST.MF in jar(/Users/kevin/GitHub Projects/sky-and-sea/build/moddev/artifacts/neoforge-21.10.49-beta.jar)
[10Nov2025 06:04:50.458] [ForkJoinPool.commonPool-worker-5/INFO] [net.neoforged.fml.loading.moddiscovery.locators.GameLocator/]: Detected a joined NeoForge and Minecraft configuration. Applying filtering...
[10Nov2025 06:04:50.479] [ForkJoinPool.commonPool-worker-5/DEBUG] [net.neoforged.fml.loading.moddiscovery.ModFileInfo/LOADING]: Found valid mod file neoforge-21.10.49-beta-client-extra-aka-minecraft-resources.jar with {minecraft} mods - versions {1.21.10}
[10Nov2025 06:04:50.481] [ForkJoinPool.commonPool-worker-5/DEBUG] [net.neoforged.fml.loading.moddiscovery.ModFile/LOADING]: Loading mod file /Users/kevin/GitHub Projects/sky-and-sea/build/moddev/artifacts/neoforge-21.10.49-beta-client-extra-aka-minecraft-resources.jar with languages [LanguageSpec[languageName=minecraft, acceptedVersions=1]]
[10Nov2025 06:04:50.481] [ForkJoinPool.commonPool-worker-5/DEBUG] [net.neoforged.fml.loading.moddiscovery.ModFileParser/LOADING]: Considering mod file candidate /Users/kevin/GitHub Projects/sky-and-sea/build/moddev/artifacts/neoforge-21.10.49-beta.jar
[10Nov2025 06:04:50.483] [ForkJoinPool.commonPool-worker-5/DEBUG] [net.neoforged.fml.loading.moddiscovery.ModFileInfo/LOADING]: Found valid mod file neoforge-21.10.49-beta.jar with {neoforge} mods - versions {21.10.49-beta}
[10Nov2025 06:04:50.483] [ForkJoinPool.commonPool-worker-5/DEBUG] [net.neoforged.fml.loading.moddiscovery.ModFile/LOADING]: Loading mod file /Users/kevin/GitHub Projects/sky-and-sea/build/moddev/artifacts/neoforge-21.10.49-beta.jar with languages [LanguageSpec[languageName=javafml, acceptedVersions=[3,]]]
[10Nov2025 06:04:50.485] [ForkJoinPool.commonPool-worker-5/DEBUG] [net.neoforged.fml.loading.moddiscovery.ModFile/LOADING]: Found mixin config MixinConfig[config=neoforge.mixins.json, requiredMods=[], behaviorVersion=null]
[10Nov2025 06:04:50.485] [ForkJoinPool.commonPool-worker-5/INFO] [net.neoforged.fml.loading.moddiscovery.locators.InDevFolderLocator/CORE]: Got mod coordinates skyandsea%%/Users/kevin/GitHub Projects/sky-and-sea/build/classes/java/main:skyandsea%%/Users/kevin/GitHub Projects/sky-and-sea/build/resources/main from env
[10Nov2025 06:04:50.487] [ForkJoinPool.commonPool-worker-5/DEBUG] [net.neoforged.fml.loading.moddiscovery.ModFileParser/LOADING]: Considering mod file candidate /Users/kevin/GitHub Projects/sky-and-sea/build/classes/java/main
[10Nov2025 06:04:50.489] [ForkJoinPool.commonPool-worker-5/DEBUG] [net.neoforged.fml.loading.moddiscovery.ModFileInfo/LOADING]: Found valid mod file main with {skyandsea} mods - versions {0.0.1}
[10Nov2025 06:04:50.489] [ForkJoinPool.commonPool-worker-5/DEBUG] [net.neoforged.fml.loading.moddiscovery.ModFile/LOADING]: Loading mod file /Users/kevin/GitHub Projects/sky-and-sea/build/classes/java/main with languages [LanguageSpec[languageName=null, acceptedVersions=null]]
[10Nov2025 06:04:50.490] [ForkJoinPool.commonPool-worker-5/DEBUG] [net.neoforged.fml.loading.moddiscovery.ModDiscoverer/]: Skipping /Users/kevin/GitHub Projects/sky-and-sea/build/moddev/artifacts/neoforge-21.10.49-beta.jar because it was already located earlier
[10Nov2025 06:04:50.525] [fml-loadingscreen/INFO] [net.neoforged.fml.earlydisplay.render.LoadingScreenRenderer/]: GL info: Apple M4 GL version 4.1 Metal - 90.5, Apple
[10Nov2025 06:04:50.528] [ForkJoinPool.commonPool-worker-5/DEBUG] [net.neoforged.fml.loading.moddiscovery.ModFile/LOADING]: Loading mod file /Users/kevin/GitHub Projects/sky-and-sea/run/.cache/jij/9c617719248f8b89847348fc7ea5e705739c147ae5e172551264d225bc9f2507/mixinextras-neoforge-0.5.0.jar with languages []
[10Nov2025 06:04:50.529] [ForkJoinPool.commonPool-worker-5/DEBUG] [net.neoforged.fml.loading.moddiscovery.ModFile/LOADING]: Loading mod file /Users/kevin/GitHub Projects/sky-and-sea/run/.cache/jij/51629231fe2baaddd60d570ef06ada2b2f1fe8a34133e63afdd748b9ef93f9f1/net.neoforged.neoforge-coremods-21.10.49-beta.jar with languages []
[10Nov2025 06:04:50.547] [ForkJoinPool.commonPool-worker-5/INFO] [net.neoforged.fml.loading.moddiscovery.locators.JarInJarDependencyLocator/]: Found 2 dependencies adding them to mods collection
[10Nov2025 06:04:50.548] [ForkJoinPool.commonPool-worker-5/INFO] [net.neoforged.fml.loading.moddiscovery.ModDiscoverer/]: 
     Mod List:
		Name Version (Mod Id)

		Minecraft 1.21.10 (minecraft)
		NeoForge 21.10.49-beta (neoforge)
		Sky and Sea 0.0.1 (skyandsea)
[10Nov2025 06:04:50.550] [ForkJoinPool.commonPool-worker-5/DEBUG] [net.neoforged.fml.loading.ModSorter/]: Configured system mods: [minecraft, neoforge]
[10Nov2025 06:04:50.550] [ForkJoinPool.commonPool-worker-5/DEBUG] [net.neoforged.fml.loading.ModSorter/]: Found system mod: minecraft
[10Nov2025 06:04:50.550] [ForkJoinPool.commonPool-worker-5/DEBUG] [net.neoforged.fml.loading.ModSorter/]: Found system mod: neoforge
[10Nov2025 06:04:50.551] [ForkJoinPool.commonPool-worker-5/DEBUG] [net.neoforged.fml.loading.ModSorter/LOADING]: Found 2 mod requirements (2 mandatory, 0 optional)
[10Nov2025 06:04:50.551] [ForkJoinPool.commonPool-worker-5/DEBUG] [net.neoforged.fml.loading.ModSorter/LOADING]: Found 0 mod requirements missing (0 mandatory, 0 optional)
[10Nov2025 06:04:50.622] [main/INFO] [mixin/]: SpongePowered MIXIN Subsystem Version=0.8.7 Source=file:/Users/kevin/.gradle/caches/modules-2/files-2.1/net.fabricmc/sponge-mixin/0.16.5+mixin.0.8.7/80fc3a9f592673cea87f4cd702f87991c6c9fe4d/sponge-mixin-0.16.5+mixin.0.8.7.jar Service=FML Env=CLIENT
[10Nov2025 06:04:50.627] [main/DEBUG] [mixin/]: Initialising Mixin Platform Manager
[10Nov2025 06:04:50.627] [main/DEBUG] [mixin/]: Adding mixin platform agents for container ContainerHandleVirtual(fml:18c85)
[10Nov2025 06:04:50.627] [main/DEBUG] [mixin/]: Instancing new MixinPlatformAgentDefault for ContainerHandleVirtual(fml:18c85)
[10Nov2025 06:04:50.628] [main/DEBUG] [mixin/]: MixinPlatformAgentDefault accepted container ContainerHandleVirtual(fml:18c85)
[10Nov2025 06:04:50.628] [main/DEBUG] [mixin/]: Instancing new MixinPlatformAgentDefault for ContainerHandleVirtual(fml:18c85)
[10Nov2025 06:04:50.628] [main/DEBUG] [mixin/]: MixinPlatformAgentDefault accepted container ContainerHandleVirtual(fml:18c85)
[10Nov2025 06:04:50.628] [main/DEBUG] [mixin/]: Processing prepare() for PlatformAgent[MixinPlatformAgentDefault:ContainerHandleVirtual(fml:18c85)]
[10Nov2025 06:04:50.628] [main/DEBUG] [mixin/]: Processing prepare() for PlatformAgent[MixinPlatformAgentDefault:ContainerHandleVirtual(fml:18c85)]
[10Nov2025 06:04:50.629] [main/INFO] [net.neoforged.fml.loading.FMLLoader/]: Loading FML Plugins:
[10Nov2025 06:04:50.629] [main/INFO] [net.neoforged.fml.loading.FMLLoader/]:  - .cache/jij/51629231fe2baaddd60d570ef06ada2b2f1fe8a34133e63afdd748b9ef93f9f1/net.neoforged.neoforge-coremods-21.10.49-beta.jar
[10Nov2025 06:04:50.630] [main/DEBUG] [net.neoforged.fml.util.ServiceLoaderUtil/CORE]: Found 2 implementations of IModLanguageLoader:
[10Nov2025 06:04:50.630] [main/DEBUG] [net.neoforged.fml.util.ServiceLoaderUtil/CORE]: 	net.neoforged.fml.javafmlmod.FMLJavaModLanguageProvider from /Users/kevin/.gradle/caches/modules-2/files-2.1/net.neoforged.fancymodloader/loader/10.0.29/623a30d16a3a06ae8bd93074178a756e6aa55158/loader-10.0.29.jar
[10Nov2025 06:04:50.631] [main/DEBUG] [net.neoforged.fml.util.ServiceLoaderUtil/CORE]: 	net.neoforged.fml.mclanguageprovider.MinecraftModLanguageProvider from /Users/kevin/.gradle/caches/modules-2/files-2.1/net.neoforged.fancymodloader/loader/10.0.29/623a30d16a3a06ae8bd93074178a756e6aa55158/loader-10.0.29.jar
[10Nov2025 06:04:50.631] [main/DEBUG] [net.neoforged.fml.loading.LanguageProviderLoader/CORE]: Found language provider javafml, version 10.0
[10Nov2025 06:04:50.631] [main/DEBUG] [net.neoforged.fml.loading.LanguageProviderLoader/CORE]: Found language provider minecraft, version 10.0
[10Nov2025 06:04:50.647] [main/DEBUG] [net.neoforged.fml.util.ServiceLoaderUtil/CORE]: Found 5 implementations of ClassProcessor:
[10Nov2025 06:04:50.647] [main/DEBUG] [net.neoforged.fml.util.ServiceLoaderUtil/CORE]: 	[built-in] net.neoforged.fml.common.asm.AccessTransformerService from /Users/kevin/.gradle/caches/modules-2/files-2.1/net.neoforged.fancymodloader/loader/10.0.29/623a30d16a3a06ae8bd93074178a756e6aa55158/loader-10.0.29.jar
[10Nov2025 06:04:50.647] [main/DEBUG] [net.neoforged.fml.util.ServiceLoaderUtil/CORE]: 	[built-in] net.neoforged.fml.common.asm.enumextension.RuntimeEnumExtender from /Users/kevin/.gradle/caches/modules-2/files-2.1/net.neoforged.fancymodloader/loader/10.0.29/623a30d16a3a06ae8bd93074178a756e6aa55158/loader-10.0.29.jar
[10Nov2025 06:04:50.647] [main/DEBUG] [net.neoforged.fml.util.ServiceLoaderUtil/CORE]: 	[built-in] net.neoforged.fml.common.asm.SimpleProcessorsGroup from /Users/kevin/.gradle/caches/modules-2/files-2.1/net.neoforged.fancymodloader/loader/10.0.29/623a30d16a3a06ae8bd93074178a756e6aa55158/loader-10.0.29.jar
[10Nov2025 06:04:50.647] [main/DEBUG] [net.neoforged.fml.util.ServiceLoaderUtil/CORE]: 	[built-in] net.neoforged.fml.loading.moddiscovery.locators.NeoForgeDevDistCleaner from /Users/kevin/.gradle/caches/modules-2/files-2.1/net.neoforged.fancymodloader/loader/10.0.29/623a30d16a3a06ae8bd93074178a756e6aa55158/loader-10.0.29.jar
[10Nov2025 06:04:50.647] [main/DEBUG] [net.neoforged.fml.util.ServiceLoaderUtil/CORE]: 	[built-in] net.neoforged.fml.loading.mixin.FMLMixinClassProcessor from /Users/kevin/.gradle/caches/modules-2/files-2.1/net.neoforged.fancymodloader/loader/10.0.29/623a30d16a3a06ae8bd93074178a756e6aa55158/loader-10.0.29.jar
[10Nov2025 06:04:50.648] [main/DEBUG] [net.neoforged.fml.util.ServiceLoaderUtil/CORE]: Found 1 implementations of ClassProcessorProvider:
[10Nov2025 06:04:50.648] [main/DEBUG] [net.neoforged.fml.util.ServiceLoaderUtil/CORE]: 	net.neoforged.neoforge.coremods.NeoForgeCoreMod from .cache/jij/51629231fe2baaddd60d570ef06ada2b2f1fe8a34133e63afdd748b9ef93f9f1/net.neoforged.neoforge-coremods-21.10.49-beta.jar
[10Nov2025 06:04:50.654] [main/DEBUG] [net.neoforged.fml.loading.FMLLoader/]: Masking classpath elements: [/Users/kevin/GitHub Projects/sky-and-sea/build/resources/main, /Users/kevin/GitHub Projects/sky-and-sea/build/classes/java/main, /Users/kevin/GitHub Projects/sky-and-sea/build/moddev/artifacts/neoforge-21.10.49-beta.jar, /Users/kevin/GitHub Projects/sky-and-sea/build/moddev/artifacts/neoforge-21.10.49-beta-client-extra-aka-minecraft-resources.jar]
[10Nov2025 06:04:50.656] [main/INFO] [net.neoforged.fml.loading.FMLLoader/]: Building game content classloader:
 - minecraft (composite(jar(/Users/kevin/GitHub Projects/sky-and-sea/build/moddev/artifacts/neoforge-21.10.49-beta-client-extra-aka-minecraft-resources.jar), filtered(jar(/Users/kevin/GitHub Projects/sky-and-sea/build/moddev/artifacts/neoforge-21.10.49-beta.jar))))
 - mixinextras.neoforge (jar(/Users/kevin/GitHub Projects/sky-and-sea/run/.cache/jij/9c617719248f8b89847348fc7ea5e705739c147ae5e172551264d225bc9f2507/mixinextras-neoforge-0.5.0.jar))
 - neoforge (composite(filtered(jar(/Users/kevin/GitHub Projects/sky-and-sea/build/moddev/artifacts/neoforge-21.10.49-beta.jar))))
 - net.neoforged.fml.generated (empty(VirtualJar/net.neoforged.fml.generated))
 - skyandsea (composite(folder(/Users/kevin/GitHub Projects/sky-and-sea/build/classes/java/main), folder(/Users/kevin/GitHub Projects/sky-and-sea/build/resources/main)))
[10Nov2025 06:04:50.661] [main/INFO] [net.neoforged.fml.loading.FMLLoader/]: Built game content classloader in 7ms
[10Nov2025 06:04:50.677] [main/DEBUG] [mixin/]: Processing launch tasks for PlatformAgent[MixinPlatformAgentDefault:ContainerHandleVirtual(fml:18c85)]
[10Nov2025 06:04:50.677] [main/DEBUG] [mixin/]: Processing launch tasks for PlatformAgent[MixinPlatformAgentDefault:ContainerHandleVirtual(fml:18c85)]
[10Nov2025 06:04:50.677] [main/DEBUG] [mixin/]: Adding agents for Mixin Container composite(filtered(jar(/Users/kevin/GitHub Projects/sky-and-sea/build/moddev/artifacts/neoforge-21.10.49-beta.jar))) > jar(/Users/kevin/GitHub Projects/sky-and-sea/run/.cache/jij/51629231fe2baaddd60d570ef06ada2b2f1fe8a34133e63afdd748b9ef93f9f1/net.neoforged.neoforge-coremods-21.10.49-beta.jar)
[10Nov2025 06:04:50.678] [main/DEBUG] [mixin/]: Adding mixin platform agents for container composite(filtered(jar(/Users/kevin/GitHub Projects/sky-and-sea/build/moddev/artifacts/neoforge-21.10.49-beta.jar))) > jar(/Users/kevin/GitHub Projects/sky-and-sea/run/.cache/jij/51629231fe2baaddd60d570ef06ada2b2f1fe8a34133e63afdd748b9ef93f9f1/net.neoforged.neoforge-coremods-21.10.49-beta.jar)
[10Nov2025 06:04:50.678] [main/DEBUG] [mixin/]: Instancing new MixinPlatformAgentDefault for composite(filtered(jar(/Users/kevin/GitHub Projects/sky-and-sea/build/moddev/artifacts/neoforge-21.10.49-beta.jar))) > jar(/Users/kevin/GitHub Projects/sky-and-sea/run/.cache/jij/51629231fe2baaddd60d570ef06ada2b2f1fe8a34133e63afdd748b9ef93f9f1/net.neoforged.neoforge-coremods-21.10.49-beta.jar)
[10Nov2025 06:04:50.678] [main/DEBUG] [mixin/]: MixinPlatformAgentDefault accepted container composite(filtered(jar(/Users/kevin/GitHub Projects/sky-and-sea/build/moddev/artifacts/neoforge-21.10.49-beta.jar))) > jar(/Users/kevin/GitHub Projects/sky-and-sea/run/.cache/jij/51629231fe2baaddd60d570ef06ada2b2f1fe8a34133e63afdd748b9ef93f9f1/net.neoforged.neoforge-coremods-21.10.49-beta.jar)
[10Nov2025 06:04:50.678] [main/DEBUG] [mixin/]: Instancing new MixinPlatformAgentDefault for composite(filtered(jar(/Users/kevin/GitHub Projects/sky-and-sea/build/moddev/artifacts/neoforge-21.10.49-beta.jar))) > jar(/Users/kevin/GitHub Projects/sky-and-sea/run/.cache/jij/51629231fe2baaddd60d570ef06ada2b2f1fe8a34133e63afdd748b9ef93f9f1/net.neoforged.neoforge-coremods-21.10.49-beta.jar)
[10Nov2025 06:04:50.678] [main/DEBUG] [mixin/]: MixinPlatformAgentDefault accepted container composite(filtered(jar(/Users/kevin/GitHub Projects/sky-and-sea/build/moddev/artifacts/neoforge-21.10.49-beta.jar))) > jar(/Users/kevin/GitHub Projects/sky-and-sea/run/.cache/jij/51629231fe2baaddd60d570ef06ada2b2f1fe8a34133e63afdd748b9ef93f9f1/net.neoforged.neoforge-coremods-21.10.49-beta.jar)
[10Nov2025 06:04:50.678] [main/DEBUG] [mixin/]: Processing prepare() for PlatformAgent[MixinPlatformAgentDefault:composite(filtered(jar(/Users/kevin/GitHub Projects/sky-and-sea/build/moddev/artifacts/neoforge-21.10.49-beta.jar))) > jar(/Users/kevin/GitHub Projects/sky-and-sea/run/.cache/jij/51629231fe2baaddd60d570ef06ada2b2f1fe8a34133e63afdd748b9ef93f9f1/net.neoforged.neoforge-coremods-21.10.49-beta.jar)]
[10Nov2025 06:04:50.678] [main/DEBUG] [mixin/]: Processing prepare() for PlatformAgent[MixinPlatformAgentDefault:composite(filtered(jar(/Users/kevin/GitHub Projects/sky-and-sea/build/moddev/artifacts/neoforge-21.10.49-beta.jar))) > jar(/Users/kevin/GitHub Projects/sky-and-sea/run/.cache/jij/51629231fe2baaddd60d570ef06ada2b2f1fe8a34133e63afdd748b9ef93f9f1/net.neoforged.neoforge-coremods-21.10.49-beta.jar)]
[10Nov2025 06:04:50.678] [main/DEBUG] [mixin/]: Adding agents for Mixin Container composite(filtered(jar(/Users/kevin/GitHub Projects/sky-and-sea/build/moddev/artifacts/neoforge-21.10.49-beta.jar))) > jar(/Users/kevin/GitHub Projects/sky-and-sea/run/.cache/jij/9c617719248f8b89847348fc7ea5e705739c147ae5e172551264d225bc9f2507/mixinextras-neoforge-0.5.0.jar)
[10Nov2025 06:04:50.678] [main/DEBUG] [mixin/]: Adding mixin platform agents for container composite(filtered(jar(/Users/kevin/GitHub Projects/sky-and-sea/build/moddev/artifacts/neoforge-21.10.49-beta.jar))) > jar(/Users/kevin/GitHub Projects/sky-and-sea/run/.cache/jij/9c617719248f8b89847348fc7ea5e705739c147ae5e172551264d225bc9f2507/mixinextras-neoforge-0.5.0.jar)
[10Nov2025 06:04:50.678] [main/DEBUG] [mixin/]: Instancing new MixinPlatformAgentDefault for composite(filtered(jar(/Users/kevin/GitHub Projects/sky-and-sea/build/moddev/artifacts/neoforge-21.10.49-beta.jar))) > jar(/Users/kevin/GitHub Projects/sky-and-sea/run/.cache/jij/9c617719248f8b89847348fc7ea5e705739c147ae5e172551264d225bc9f2507/mixinextras-neoforge-0.5.0.jar)
[10Nov2025 06:04:50.678] [main/DEBUG] [mixin/]: MixinPlatformAgentDefault accepted container composite(filtered(jar(/Users/kevin/GitHub Projects/sky-and-sea/build/moddev/artifacts/neoforge-21.10.49-beta.jar))) > jar(/Users/kevin/GitHub Projects/sky-and-sea/run/.cache/jij/9c617719248f8b89847348fc7ea5e705739c147ae5e172551264d225bc9f2507/mixinextras-neoforge-0.5.0.jar)
[10Nov2025 06:04:50.678] [main/DEBUG] [mixin/]: Instancing new MixinPlatformAgentDefault for composite(filtered(jar(/Users/kevin/GitHub Projects/sky-and-sea/build/moddev/artifacts/neoforge-21.10.49-beta.jar))) > jar(/Users/kevin/GitHub Projects/sky-and-sea/run/.cache/jij/9c617719248f8b89847348fc7ea5e705739c147ae5e172551264d225bc9f2507/mixinextras-neoforge-0.5.0.jar)
[10Nov2025 06:04:50.678] [main/DEBUG] [mixin/]: MixinPlatformAgentDefault accepted container composite(filtered(jar(/Users/kevin/GitHub Projects/sky-and-sea/build/moddev/artifacts/neoforge-21.10.49-beta.jar))) > jar(/Users/kevin/GitHub Projects/sky-and-sea/run/.cache/jij/9c617719248f8b89847348fc7ea5e705739c147ae5e172551264d225bc9f2507/mixinextras-neoforge-0.5.0.jar)
[10Nov2025 06:04:50.678] [main/DEBUG] [mixin/]: Processing prepare() for PlatformAgent[MixinPlatformAgentDefault:composite(filtered(jar(/Users/kevin/GitHub Projects/sky-and-sea/build/moddev/artifacts/neoforge-21.10.49-beta.jar))) > jar(/Users/kevin/GitHub Projects/sky-and-sea/run/.cache/jij/9c617719248f8b89847348fc7ea5e705739c147ae5e172551264d225bc9f2507/mixinextras-neoforge-0.5.0.jar)]
[10Nov2025 06:04:50.678] [main/DEBUG] [mixin/]: Registering mixin config: mixinextras.init.mixins.json source=composite(filtered(jar(/Users/kevin/GitHub Projects/sky-and-sea/build/moddev/artifacts/neoforge-21.10.49-beta.jar))) > jar(/Users/kevin/GitHub Projects/sky-and-sea/run/.cache/jij/9c617719248f8b89847348fc7ea5e705739c147ae5e172551264d225bc9f2507/mixinextras-neoforge-0.5.0.jar)
[10Nov2025 06:04:50.679] [main/DEBUG] [mixin/]: Processing prepare() for PlatformAgent[MixinPlatformAgentDefault:composite(filtered(jar(/Users/kevin/GitHub Projects/sky-and-sea/build/moddev/artifacts/neoforge-21.10.49-beta.jar))) > jar(/Users/kevin/GitHub Projects/sky-and-sea/run/.cache/jij/9c617719248f8b89847348fc7ea5e705739c147ae5e172551264d225bc9f2507/mixinextras-neoforge-0.5.0.jar)]
[10Nov2025 06:04:50.679] [main/DEBUG] [mixin/]: Registering mixin config: mixinextras.init.mixins.json source=composite(filtered(jar(/Users/kevin/GitHub Projects/sky-and-sea/build/moddev/artifacts/neoforge-21.10.49-beta.jar))) > jar(/Users/kevin/GitHub Projects/sky-and-sea/run/.cache/jij/9c617719248f8b89847348fc7ea5e705739c147ae5e172551264d225bc9f2507/mixinextras-neoforge-0.5.0.jar)
[10Nov2025 06:04:50.679] [main/DEBUG] [mixin/]: inject() running with 3 agents
[10Nov2025 06:04:50.679] [main/DEBUG] [mixin/]: Processing inject() for PlatformAgent[MixinPlatformAgentDefault:ContainerHandleVirtual(fml:18c85)]
[10Nov2025 06:04:50.680] [main/DEBUG] [mixin/]: Processing inject() for PlatformAgent[MixinPlatformAgentDefault:ContainerHandleVirtual(fml:18c85)]
[10Nov2025 06:04:50.680] [main/DEBUG] [mixin/]: Processing inject() for PlatformAgent[MixinPlatformAgentDefault:composite(filtered(jar(/Users/kevin/GitHub Projects/sky-and-sea/build/moddev/artifacts/neoforge-21.10.49-beta.jar))) > jar(/Users/kevin/GitHub Projects/sky-and-sea/run/.cache/jij/51629231fe2baaddd60d570ef06ada2b2f1fe8a34133e63afdd748b9ef93f9f1/net.neoforged.neoforge-coremods-21.10.49-beta.jar)]
[10Nov2025 06:04:50.680] [main/DEBUG] [mixin/]: Processing inject() for PlatformAgent[MixinPlatformAgentDefault:composite(filtered(jar(/Users/kevin/GitHub Projects/sky-and-sea/build/moddev/artifacts/neoforge-21.10.49-beta.jar))) > jar(/Users/kevin/GitHub Projects/sky-and-sea/run/.cache/jij/51629231fe2baaddd60d570ef06ada2b2f1fe8a34133e63afdd748b9ef93f9f1/net.neoforged.neoforge-coremods-21.10.49-beta.jar)]
[10Nov2025 06:04:50.680] [main/DEBUG] [mixin/]: Processing inject() for PlatformAgent[MixinPlatformAgentDefault:composite(filtered(jar(/Users/kevin/GitHub Projects/sky-and-sea/build/moddev/artifacts/neoforge-21.10.49-beta.jar))) > jar(/Users/kevin/GitHub Projects/sky-and-sea/run/.cache/jij/9c617719248f8b89847348fc7ea5e705739c147ae5e172551264d225bc9f2507/mixinextras-neoforge-0.5.0.jar)]
[10Nov2025 06:04:50.680] [main/DEBUG] [mixin/]: Processing inject() for PlatformAgent[MixinPlatformAgentDefault:composite(filtered(jar(/Users/kevin/GitHub Projects/sky-and-sea/build/moddev/artifacts/neoforge-21.10.49-beta.jar))) > jar(/Users/kevin/GitHub Projects/sky-and-sea/run/.cache/jij/9c617719248f8b89847348fc7ea5e705739c147ae5e172551264d225bc9f2507/mixinextras-neoforge-0.5.0.jar)]
[10Nov2025 06:04:50.682] [main/DEBUG] [mixin/]: Preparing mixins for MixinEnvironment[DEFAULT]
[10Nov2025 06:04:50.682] [main/DEBUG] [mixin/]: Selecting config neoforge.mixins.json
[10Nov2025 06:04:50.684] [main/DEBUG] [mixin/]: Selecting config mixinextras.init.mixins.json
[10Nov2025 06:04:50.696] [main/DEBUG] [MixinExtras|Service/]: com.llamalad7.mixinextras.service.MixinExtrasServiceImpl(version=0.5.0) is taking over from null
[10Nov2025 06:04:50.704] [main/DEBUG] [mixin/]: Registering new injector for @Inject with org.spongepowered.asm.mixin.injection.struct.CallbackInjectionInfo
[10Nov2025 06:04:50.705] [main/DEBUG] [mixin/]: Registering new injector for @ModifyArg with org.spongepowered.asm.mixin.injection.struct.ModifyArgInjectionInfo
[10Nov2025 06:04:50.705] [main/DEBUG] [mixin/]: Registering new injector for @ModifyArgs with org.spongepowered.asm.mixin.injection.struct.ModifyArgsInjectionInfo
[10Nov2025 06:04:50.705] [main/DEBUG] [mixin/]: Registering new injector for @Redirect with org.spongepowered.asm.mixin.injection.struct.RedirectInjectionInfo
[10Nov2025 06:04:50.706] [main/DEBUG] [mixin/]: Registering new injector for @ModifyVariable with org.spongepowered.asm.mixin.injection.struct.ModifyVariableInjectionInfo
[10Nov2025 06:04:50.706] [main/DEBUG] [mixin/]: Registering new injector for @ModifyConstant with org.spongepowered.asm.mixin.injection.struct.ModifyConstantInjectionInfo
[10Nov2025 06:04:50.709] [main/DEBUG] [mixin/]: Preparing neoforge.mixins.json (2)
[10Nov2025 06:04:50.728] [main/DEBUG] [mixin/]: Preparing mixinextras.init.mixins.json (0)
[10Nov2025 06:04:50.794] [main/DEBUG] [io.netty.util.internal.logging.InternalLoggerFactory/]: Using SLF4J as the default logging framework
[10Nov2025 06:04:50.795] [main/DEBUG] [io.netty.util.ResourceLeakDetector/]: -Dio.netty.leakDetection.level: simple
[10Nov2025 06:04:50.795] [main/DEBUG] [io.netty.util.ResourceLeakDetector/]: -Dio.netty.leakDetection.targetRecords: 4
[10Nov2025 06:04:51.116] [Datafixer Bootstrap/INFO] [com.mojang.datafixers.DataFixerBuilder/]: 281 Datafixer optimizations took 138 milliseconds
[10Nov2025 06:04:51.362] [pool-8-thread-1/INFO] [MixinExtras|Service/]: Initializing MixinExtras via com.llamalad7.mixinextras.service.MixinExtrasServiceImpl(version=0.5.0).
[10Nov2025 06:04:51.362] [pool-8-thread-1/DEBUG] [mixin/]: Registering new injector for @SugarWrapper with com.llamalad7.mixinextras.sugar.impl.SugarWrapperInjectionInfo
[10Nov2025 06:04:51.363] [pool-8-thread-1/DEBUG] [mixin/]: Registering new injector for @FactoryRedirectWrapper with com.llamalad7.mixinextras.wrapper.factory.FactoryRedirectWrapperInjectionInfo
[10Nov2025 06:04:51.363] [pool-8-thread-1/DEBUG] [mixin/]: Registering new injector for @ExpressionInjectorWrapper with com.llamalad7.mixinextras.expression.impl.wrapper.ExpressionInjectorWrapperInjectionInfo
[10Nov2025 06:04:51.366] [pool-8-thread-1/DEBUG] [mixin/]: Mixing MappedRegistryAccessor from neoforge.mixins.json into net.minecraft.core.MappedRegistry
[10Nov2025 06:04:51.749] [pool-8-thread-1/DEBUG] [mixin/]: Mixing BlockEntityTypeAccessor from neoforge.mixins.json into net.minecraft.world.level.block.entity.BlockEntityType
[10Nov2025 06:04:52.298] [pool-8-thread-1/DEBUG] [io.netty.util.internal.PlatformDependent0/]: -Dio.netty.noUnsafe: false
[10Nov2025 06:04:52.298] [pool-8-thread-1/DEBUG] [io.netty.util.internal.PlatformDependent0/]: Java version: 21
[10Nov2025 06:04:52.298] [pool-8-thread-1/DEBUG] [io.netty.util.internal.PlatformDependent0/]: sun.misc.Unsafe.theUnsafe: available
[10Nov2025 06:04:52.299] [pool-8-thread-1/DEBUG] [io.netty.util.internal.PlatformDependent0/]: sun.misc.Unsafe base methods: all available
[10Nov2025 06:04:52.299] [pool-8-thread-1/DEBUG] [io.netty.util.internal.PlatformDependent0/]: sun.misc.Unsafe.storeFence: available
[10Nov2025 06:04:52.299] [pool-8-thread-1/DEBUG] [io.netty.util.internal.PlatformDependent0/]: java.nio.Buffer.address: available
[10Nov2025 06:04:52.299] [pool-8-thread-1/DEBUG] [io.netty.util.internal.PlatformDependent0/]: direct buffer constructor: unavailable: Reflective setAccessible(true) disabled
[10Nov2025 06:04:52.299] [pool-8-thread-1/DEBUG] [io.netty.util.internal.PlatformDependent0/]: java.nio.Bits.unaligned: available, true
[10Nov2025 06:04:52.300] [pool-8-thread-1/DEBUG] [io.netty.util.internal.PlatformDependent0/]: jdk.internal.misc.Unsafe.allocateUninitializedArray(int): unavailable: class io.netty.util.internal.PlatformDependent0$7 cannot access class jdk.internal.misc.Unsafe (in module java.base) because module java.base does not export jdk.internal.misc to unnamed module @13acb0d1
[10Nov2025 06:04:52.300] [pool-8-thread-1/DEBUG] [io.netty.util.internal.PlatformDependent0/]: java.nio.DirectByteBuffer.<init>(long, {int,long}): unavailable
[10Nov2025 06:04:52.300] [pool-8-thread-1/DEBUG] [io.netty.util.internal.PlatformDependent/]: sun.misc.Unsafe: available
[10Nov2025 06:04:52.300] [pool-8-thread-1/DEBUG] [io.netty.util.internal.PlatformDependent/]: -Dio.netty.tmpdir: /var/folders/dk/mnpyb4cd2hn5gwy0rzq49s9c0000gn/T (java.io.tmpdir)
[10Nov2025 06:04:52.300] [pool-8-thread-1/DEBUG] [io.netty.util.internal.PlatformDependent/]: -Dio.netty.bitMode: 64 (sun.arch.data.model)
[10Nov2025 06:04:52.300] [pool-8-thread-1/DEBUG] [io.netty.util.internal.PlatformDependent/]: Platform: MacOS
[10Nov2025 06:04:52.300] [pool-8-thread-1/DEBUG] [io.netty.util.internal.PlatformDependent/]: -Dio.netty.maxDirectMemory: -1 bytes
[10Nov2025 06:04:52.300] [pool-8-thread-1/DEBUG] [io.netty.util.internal.PlatformDependent/]: -Dio.netty.uninitializedArrayAllocationThreshold: -1
[10Nov2025 06:04:52.301] [pool-8-thread-1/DEBUG] [io.netty.util.internal.CleanerJava9/]: java.nio.ByteBuffer.cleaner(): available
[10Nov2025 06:04:52.301] [pool-8-thread-1/DEBUG] [io.netty.util.internal.PlatformDependent/]: -Dio.netty.noPreferDirect: false
[10Nov2025 06:04:53.250] [main/WARN] [net.minecraft.commands.Commands/]: Ambiguity between arguments [teleport, location] and [teleport, destination] with inputs: [0.1 -0.5 .9, 0 0 0]
[10Nov2025 06:04:53.251] [main/WARN] [net.minecraft.commands.Commands/]: Ambiguity between arguments [teleport, location] and [teleport, targets] with inputs: [0.1 -0.5 .9, 0 0 0]
[10Nov2025 06:04:53.252] [main/WARN] [net.minecraft.commands.Commands/]: Ambiguity between arguments [teleport, destination] and [teleport, targets] with inputs: [Player, 0123, @e, dd12be42-52a9-4a91-a8a1-11c01849e498]
[10Nov2025 06:04:53.253] [main/WARN] [net.minecraft.commands.Commands/]: Ambiguity between arguments [teleport, targets] and [teleport, destination] with inputs: [Player, 0123, dd12be42-52a9-4a91-a8a1-11c01849e498]
[10Nov2025 06:04:53.253] [main/WARN] [net.minecraft.commands.Commands/]: Ambiguity between arguments [teleport, targets, location] and [teleport, targets, destination] with inputs: [0.1 -0.5 .9, 0 0 0]
[10Nov2025 06:04:53.254] [main/WARN] [net.minecraft.commands.Commands/]: Ambiguity between arguments [waypoint, modify, waypoint, color, reset] and [waypoint, modify, waypoint, color, color] with inputs: [reset]
[10Nov2025 06:04:53.268] [main/DEBUG] [net.neoforged.fml.ModWorkManager/LOADING]: Using 10 threads for parallel mod-loading
[10Nov2025 06:04:53.271] [main/DEBUG] [net.neoforged.fml.javafmlmod.FMLModContainer/LOADING]: Creating FMLModContainer instance for skyandsea with entrypoints [com.cubwatson.skyandsea.SkyandSea, com.cubwatson.skyandsea.SkyandSeaClient]
[10Nov2025 06:04:53.272] [main/DEBUG] [net.neoforged.fml.javafmlmod.FMLModContainer/LOADING]: Creating FMLModContainer instance for neoforge with entrypoints [net.neoforged.neoforge.common.NeoForgeMod, net.neoforged.neoforge.common.OnlyInWarningsHandler, net.neoforged.neoforge.client.ClientNeoForgeMod]
[10Nov2025 06:04:53.280] [modloading-worker-0/INFO] [net.neoforged.neoforge.common.NeoForgeMod/NEOFORGE-MOD]: NeoForge mod loading, version 21.10.49-beta, for MC 1.21.10
[10Nov2025 06:04:53.287] [modloading-worker-0/DEBUG] [net.neoforged.fml.config.ConfigTracker/CONFIG]: Config file skyandsea-common.toml for skyandsea tracking
[10Nov2025 06:04:53.287] [modloading-worker-0/DEBUG] [net.neoforged.fml.config.ConfigTracker/CONFIG]: Config file neoforge-server.toml for neoforge tracking
[10Nov2025 06:04:53.288] [modloading-worker-0/DEBUG] [net.neoforged.fml.config.ConfigTracker/CONFIG]: Config file neoforge-common.toml for neoforge tracking
[10Nov2025 06:04:53.304] [modloading-worker-0/DEBUG] [net.neoforged.fml.javafmlmod.AutomaticEventSubscriber/LOADING]: Attempting to inject @EventBusSubscriber classes into the eventbus for skyandsea
[10Nov2025 06:04:53.304] [modloading-worker-0/DEBUG] [net.neoforged.fml.javafmlmod.AutomaticEventSubscriber/LOADING]: Scanning class com.cubwatson.skyandsea.SkyandSeaClient for @SubscribeEvent-annotated methods
[10Nov2025 06:04:53.304] [modloading-worker-0/DEBUG] [net.neoforged.fml.javafmlmod.AutomaticEventSubscriber/LOADING]: Subscribing method static void com.cubwatson.skyandsea.SkyandSeaClient.onClientSetup(net.neoforged.fml.event.lifecycle.FMLClientSetupEvent) to the event bus of mod skyandsea
[10Nov2025 06:04:53.313] [modloading-worker-0/DEBUG] [net.neoforged.fml.config.ConfigTracker/CONFIG]: Config file neoforge-client.toml for neoforge tracking
[10Nov2025 06:04:53.314] [modloading-worker-0/DEBUG] [net.neoforged.fml.javafmlmod.AutomaticEventSubscriber/LOADING]: Attempting to inject @EventBusSubscriber classes into the eventbus for neoforge
[10Nov2025 06:04:53.314] [modloading-worker-0/DEBUG] [net.neoforged.fml.javafmlmod.AutomaticEventSubscriber/LOADING]: Scanning class net.neoforged.neoforge.attachment.AttachmentInternals for @SubscribeEvent-annotated methods
[10Nov2025 06:04:53.315] [modloading-worker-0/DEBUG] [net.neoforged.fml.javafmlmod.AutomaticEventSubscriber/LOADING]: Subscribing method public static void net.neoforged.neoforge.attachment.AttachmentInternals.onLivingConvert(net.neoforged.neoforge.event.entity.living.LivingConversionEvent$Post) to the game event bus
[10Nov2025 06:04:53.315] [modloading-worker-0/DEBUG] [net.neoforged.fml.javafmlmod.AutomaticEventSubscriber/LOADING]: Subscribing method public static void net.neoforged.neoforge.attachment.AttachmentInternals.onPlayerClone(net.neoforged.neoforge.event.entity.player.PlayerEvent$Clone) to the game event bus
[10Nov2025 06:04:53.315] [modloading-worker-0/DEBUG] [net.neoforged.fml.javafmlmod.AutomaticEventSubscriber/LOADING]: Scanning class net.neoforged.neoforge.attachment.AttachmentSync for @SubscribeEvent-annotated methods
[10Nov2025 06:04:53.317] [modloading-worker-0/DEBUG] [net.neoforged.fml.javafmlmod.AutomaticEventSubscriber/LOADING]: Subscribing method public static void net.neoforged.neoforge.attachment.AttachmentSync.onChunkSent(net.neoforged.neoforge.event.level.ChunkWatchEvent$Sent) to the game event bus
[10Nov2025 06:04:53.317] [modloading-worker-0/DEBUG] [net.neoforged.fml.javafmlmod.AutomaticEventSubscriber/LOADING]: Scanning class net.neoforged.neoforge.client.BlockEntityRenderBoundsDebugRenderer for @SubscribeEvent-annotated methods
[10Nov2025 06:04:53.318] [modloading-worker-0/DEBUG] [net.neoforged.fml.javafmlmod.AutomaticEventSubscriber/LOADING]: Subscribing method public static void net.neoforged.neoforge.client.BlockEntityRenderBoundsDebugRenderer.onExtractLevelRenderState(net.neoforged.neoforge.client.event.ExtractLevelRenderStateEvent) to the game event bus
[10Nov2025 06:04:53.318] [modloading-worker-0/DEBUG] [net.neoforged.fml.javafmlmod.AutomaticEventSubscriber/LOADING]: Subscribing method public static void net.neoforged.neoforge.client.BlockEntityRenderBoundsDebugRenderer.onRegisterClientCommands(net.neoforged.neoforge.client.event.RegisterClientCommandsEvent) to the game event bus
[10Nov2025 06:04:53.318] [modloading-worker-0/DEBUG] [net.neoforged.fml.javafmlmod.AutomaticEventSubscriber/LOADING]: Subscribing method public static void net.neoforged.neoforge.client.BlockEntityRenderBoundsDebugRenderer.onRenderLevelStage(net.neoforged.neoforge.client.event.RenderLevelStageEvent$AfterEntities) to the game event bus
[10Nov2025 06:04:53.318] [modloading-worker-0/DEBUG] [net.neoforged.fml.javafmlmod.AutomaticEventSubscriber/LOADING]: Scanning class net.neoforged.neoforge.client.NeoForgeRenderPipelines for @SubscribeEvent-annotated methods
[10Nov2025 06:04:53.324] [modloading-worker-0/DEBUG] [net.neoforged.fml.javafmlmod.AutomaticEventSubscriber/LOADING]: Subscribing method static void net.neoforged.neoforge.client.NeoForgeRenderPipelines.registerPipelines(net.neoforged.neoforge.client.event.RegisterRenderPipelinesEvent) to the event bus of mod neoforge
[10Nov2025 06:04:53.324] [modloading-worker-0/DEBUG] [net.neoforged.fml.javafmlmod.AutomaticEventSubscriber/LOADING]: Scanning class net.neoforged.neoforge.client.network.ClientPayloadHandler for @SubscribeEvent-annotated methods
[10Nov2025 06:04:53.329] [modloading-worker-0/DEBUG] [net.neoforged.fml.javafmlmod.AutomaticEventSubscriber/LOADING]: Subscribing method private static void net.neoforged.neoforge.client.network.ClientPayloadHandler.register(net.neoforged.neoforge.client.network.event.RegisterClientPayloadHandlersEvent) to the event bus of mod neoforge
[10Nov2025 06:04:53.329] [modloading-worker-0/DEBUG] [net.neoforged.fml.javafmlmod.AutomaticEventSubscriber/LOADING]: Scanning class net.neoforged.neoforge.common.MonsterRoomHooks for @SubscribeEvent-annotated methods
[10Nov2025 06:04:53.329] [modloading-worker-0/DEBUG] [net.neoforged.fml.javafmlmod.AutomaticEventSubscriber/LOADING]: Subscribing method public static void net.neoforged.neoforge.common.MonsterRoomHooks.onDataMapsUpdated(net.neoforged.neoforge.registries.datamaps.DataMapsUpdatedEvent) to the game event bus
[10Nov2025 06:04:53.329] [modloading-worker-0/DEBUG] [net.neoforged.fml.javafmlmod.AutomaticEventSubscriber/LOADING]: Scanning class net.neoforged.neoforge.model.data.ModelDataManager for @SubscribeEvent-annotated methods
[10Nov2025 06:04:53.330] [modloading-worker-0/DEBUG] [net.neoforged.fml.javafmlmod.AutomaticEventSubscriber/LOADING]: Subscribing method public static void net.neoforged.neoforge.model.data.ModelDataManager.onChunkUnload(net.neoforged.neoforge.event.level.ChunkEvent$Unload) to the game event bus
[10Nov2025 06:04:53.330] [modloading-worker-0/DEBUG] [net.neoforged.fml.javafmlmod.AutomaticEventSubscriber/LOADING]: Scanning class net.neoforged.neoforge.network.ConfigurationInitialization for @SubscribeEvent-annotated methods
[10Nov2025 06:04:53.332] [modloading-worker-0/DEBUG] [net.neoforged.fml.javafmlmod.AutomaticEventSubscriber/LOADING]: Subscribing method private static void net.neoforged.neoforge.network.ConfigurationInitialization.configureModdedClient(net.neoforged.neoforge.network.event.RegisterConfigurationTasksEvent) to the event bus of mod neoforge
[10Nov2025 06:04:53.332] [modloading-worker-0/DEBUG] [net.neoforged.fml.javafmlmod.AutomaticEventSubscriber/LOADING]: Scanning class net.neoforged.neoforge.network.NetworkInitialization for @SubscribeEvent-annotated methods
[10Nov2025 06:04:53.332] [modloading-worker-0/DEBUG] [net.neoforged.fml.javafmlmod.AutomaticEventSubscriber/LOADING]: Subscribing method private static void net.neoforged.neoforge.network.NetworkInitialization.register(net.neoforged.neoforge.network.event.RegisterPayloadHandlersEvent) to the event bus of mod neoforge
[10Nov2025 06:04:53.332] [modloading-worker-0/DEBUG] [net.neoforged.fml.javafmlmod.AutomaticEventSubscriber/LOADING]: Scanning class net.neoforged.neoforge.network.filters.GenericPacketSplitter for @SubscribeEvent-annotated methods
[10Nov2025 06:04:53.341] [modloading-worker-0/DEBUG] [io.netty.buffer.AbstractByteBuf/]: -Dio.netty.buffer.checkAccessible: true
[10Nov2025 06:04:53.341] [modloading-worker-0/DEBUG] [io.netty.buffer.AbstractByteBuf/]: -Dio.netty.buffer.checkBounds: true
[10Nov2025 06:04:53.341] [modloading-worker-0/DEBUG] [io.netty.util.ResourceLeakDetectorFactory/]: Loaded default ResourceLeakDetector: io.netty.util.ResourceLeakDetector@6b2c0e5c
[10Nov2025 06:04:53.344] [modloading-worker-0/DEBUG] [io.netty.util.internal.InternalThreadLocalMap/]: -Dio.netty.threadLocalMap.stringBuilder.initialSize: 1024
[10Nov2025 06:04:53.344] [modloading-worker-0/DEBUG] [io.netty.util.internal.InternalThreadLocalMap/]: -Dio.netty.threadLocalMap.stringBuilder.maxSize: 4096
[10Nov2025 06:04:53.345] [modloading-worker-0/DEBUG] [io.netty.buffer.PooledByteBufAllocator/]: -Dio.netty.allocator.numHeapArenas: 20
[10Nov2025 06:04:53.345] [modloading-worker-0/DEBUG] [io.netty.buffer.PooledByteBufAllocator/]: -Dio.netty.allocator.numDirectArenas: 20
[10Nov2025 06:04:53.345] [modloading-worker-0/DEBUG] [io.netty.buffer.PooledByteBufAllocator/]: -Dio.netty.allocator.pageSize: 8192
[10Nov2025 06:04:53.345] [modloading-worker-0/DEBUG] [io.netty.buffer.PooledByteBufAllocator/]: -Dio.netty.allocator.maxOrder: 9
[10Nov2025 06:04:53.345] [modloading-worker-0/DEBUG] [io.netty.buffer.PooledByteBufAllocator/]: -Dio.netty.allocator.chunkSize: 4194304
[10Nov2025 06:04:53.345] [modloading-worker-0/DEBUG] [io.netty.buffer.PooledByteBufAllocator/]: -Dio.netty.allocator.smallCacheSize: 256
[10Nov2025 06:04:53.345] [modloading-worker-0/DEBUG] [io.netty.buffer.PooledByteBufAllocator/]: -Dio.netty.allocator.normalCacheSize: 64
[10Nov2025 06:04:53.345] [modloading-worker-0/DEBUG] [io.netty.buffer.PooledByteBufAllocator/]: -Dio.netty.allocator.maxCachedBufferCapacity: 32768
[10Nov2025 06:04:53.345] [modloading-worker-0/DEBUG] [io.netty.buffer.PooledByteBufAllocator/]: -Dio.netty.allocator.cacheTrimInterval: 8192
[10Nov2025 06:04:53.345] [modloading-worker-0/DEBUG] [io.netty.buffer.PooledByteBufAllocator/]: -Dio.netty.allocator.cacheTrimIntervalMillis: 0
[10Nov2025 06:04:53.345] [modloading-worker-0/DEBUG] [io.netty.buffer.PooledByteBufAllocator/]: -Dio.netty.allocator.useCacheForAllThreads: false
[10Nov2025 06:04:53.345] [modloading-worker-0/DEBUG] [io.netty.buffer.PooledByteBufAllocator/]: -Dio.netty.allocator.maxCachedByteBuffersPerChunk: 1023
[10Nov2025 06:04:53.345] [modloading-worker-0/DEBUG] [io.netty.buffer.PooledByteBufAllocator/]: -Dio.netty.allocator.disableCacheFinalizersForFastThreadLocalThreads: false
[10Nov2025 06:04:53.348] [modloading-worker-0/DEBUG] [io.netty.buffer.ByteBufUtil/]: -Dio.netty.allocator.type: pooled
[10Nov2025 06:04:53.348] [modloading-worker-0/DEBUG] [io.netty.buffer.ByteBufUtil/]: -Dio.netty.threadLocalDirectBufferSize: 0
[10Nov2025 06:04:53.348] [modloading-worker-0/DEBUG] [io.netty.buffer.ByteBufUtil/]: -Dio.netty.maxThreadLocalCharBufferSize: 16384
[10Nov2025 06:04:53.350] [modloading-worker-0/DEBUG] [net.neoforged.fml.javafmlmod.AutomaticEventSubscriber/LOADING]: Subscribing method private static void net.neoforged.neoforge.network.filters.GenericPacketSplitter.register(net.neoforged.neoforge.network.event.RegisterPayloadHandlersEvent) to the event bus of mod neoforge
[10Nov2025 06:04:53.400] [modloading-sync-worker/DEBUG] [net.neoforged.fml.config.ConfigTracker/CONFIG]: Loading configs type CLIENT
[10Nov2025 06:04:53.403] [modloading-sync-worker/DEBUG] [net.neoforged.neoforge.common.NeoForgeMod/FORGEMOD]: Loaded NeoForge config file neoforge-client.toml
[10Nov2025 06:04:53.403] [modloading-sync-worker/DEBUG] [net.neoforged.fml.config.ConfigTracker/CONFIG]: Loaded TOML config file /Users/kevin/GitHub Projects/sky-and-sea/run/config/neoforge-client.toml
[10Nov2025 06:04:53.405] [modloading-sync-worker/DEBUG] [net.neoforged.fml.config.ConfigTracker/CONFIG]: Watching TOML config file /Users/kevin/GitHub Projects/sky-and-sea/run/config/neoforge-client.toml for changes
[10Nov2025 06:04:53.405] [modloading-sync-worker/DEBUG] [net.neoforged.fml.config.ConfigTracker/CONFIG]: Loading configs type COMMON
[10Nov2025 06:04:53.405] [modloading-sync-worker/DEBUG] [net.neoforged.fml.config.ConfigTracker/CONFIG]: Loaded TOML config file /Users/kevin/GitHub Projects/sky-and-sea/run/config/skyandsea-common.toml
[10Nov2025 06:04:53.405] [modloading-sync-worker/DEBUG] [net.neoforged.fml.config.ConfigTracker/CONFIG]: Watching TOML config file /Users/kevin/GitHub Projects/sky-and-sea/run/config/skyandsea-common.toml for changes
[10Nov2025 06:04:53.405] [modloading-sync-worker/DEBUG] [net.neoforged.neoforge.common.NeoForgeMod/FORGEMOD]: Loaded NeoForge config file neoforge-common.toml
[10Nov2025 06:04:53.406] [modloading-sync-worker/DEBUG] [net.neoforged.fml.config.ConfigTracker/CONFIG]: Loaded TOML config file /Users/kevin/GitHub Projects/sky-and-sea/run/config/neoforge-common.toml
[10Nov2025 06:04:53.406] [modloading-sync-worker/DEBUG] [net.neoforged.fml.config.ConfigTracker/CONFIG]: Watching TOML config file /Users/kevin/GitHub Projects/sky-and-sea/run/config/neoforge-common.toml for changes
[10Nov2025 06:04:53.461] [Render thread/INFO] [com.mojang.authlib.yggdrasil.YggdrasilAuthenticationService/]: Environment: Environment[sessionHost=https://sessionserver.mojang.com, servicesHost=https://api.minecraftservices.com, profilesHost=https://api.mojang.com, name=PROD]
[10Nov2025 06:04:53.468] [Render thread/INFO] [net.minecraft.client.Minecraft/]: Setting user: Dev
[10Nov2025 06:04:53.500] [Render thread/INFO] [net.minecraft.client.Minecraft/]: Backend library: LWJGL version 3.3.3+5
[10Nov2025 06:04:53.742] [Render thread/INFO] [net.minecraft.client.Minecraft/]: Using optional rendering extensions: 
[10Nov2025 06:04:54.366] [Render thread/INFO] [net.minecraft.server.packs.resources.ReloadableResourceManager/]: Reloading ResourceManager: vanilla, mod_resources, mod/skyandsea, mod/neoforge
[10Nov2025 06:04:54.374] [resourceLoad/INFO] [com.cubwatson.skyandsea.SkyandSea/]: HELLO FROM COMMON SETUP
[10Nov2025 06:04:54.374] [resourceLoad/INFO] [com.cubwatson.skyandsea.SkyandSea/]: DIRT BLOCK >> minecraft:dirt
[10Nov2025 06:04:54.374] [resourceLoad/INFO] [com.cubwatson.skyandsea.SkyandSea/]: The magic number is... 42
[10Nov2025 06:04:54.374] [resourceLoad/INFO] [com.cubwatson.skyandsea.SkyandSea/]: ITEM >> minecraft:iron_ingot
[10Nov2025 06:04:54.409] [Render thread/DEBUG] [net.neoforged.fml.DeferredWorkQueue/LOADING]: Dispatching synchronous work for work queue Common setup: 1 jobs
[10Nov2025 06:04:54.410] [Render thread/DEBUG] [net.neoforged.fml.DeferredWorkQueue/LOADING]: Synchronous work queue completed in 234.4 s
[10Nov2025 06:04:54.563] [resourceLoad/INFO] [net.minecraft.client.gui.font.providers.UnihexProvider/]: Found unifont_all_no_pua-16.0.03.hex, loading
[10Nov2025 06:04:54.563] [resourceLoad/INFO] [net.minecraft.client.gui.font.providers.UnihexProvider/]: Found unifont_pua-16.0.03.hex, loading
[10Nov2025 06:04:54.641] [resourceLoad/INFO] [com.cubwatson.skyandsea.SkyandSea/]: HELLO FROM CLIENT SETUP
[10Nov2025 06:04:54.642] [resourceLoad/INFO] [com.cubwatson.skyandsea.SkyandSea/]: MINECRAFT NAME >> Dev
[10Nov2025 06:04:54.654] [resourceLoad/INFO] [net.minecraft.client.gui.font.providers.UnihexProvider/]: Found unifont_jp_patch-16.0.03.hex, loading
[10Nov2025 06:04:55.107] [resourceLoad/WARN] [net.minecraft.client.resources.model.ModelManager/]: Missing model for variant: 'Block{skyandsea:example_block}'
[10Nov2025 06:04:55.244] [Render thread/INFO] [com.mojang.blaze3d.opengl.GlProgram/]: Info log when linking program containing VS minecraft:core/terrain and FS minecraft:core/terrain. Log output: WARNING: Could not find vertex shader attribute 'Normal' to match BindAttributeLocation request.

[10Nov2025 06:04:55.248] [Render thread/INFO] [com.mojang.blaze3d.opengl.GlProgram/]: Info log when linking program containing VS minecraft:core/entity and FS minecraft:core/entity. Log output: WARNING: Could not find vertex shader attribute 'Normal' to match BindAttributeLocation request.
WARNING: Could not find vertex shader attribute 'UV2' to match BindAttributeLocation request.
WARNING: Output of vertex shader 'overlayColor' not read by fragment shader

[10Nov2025 06:04:55.250] [Render thread/INFO] [com.mojang.blaze3d.opengl.GlProgram/]: Info log when linking program containing VS minecraft:core/entity and FS minecraft:core/entity. Log output: WARNING: Could not find vertex shader attribute 'Normal' to match BindAttributeLocation request.
WARNING: Output of vertex shader 'overlayColor' not read by fragment shader

[10Nov2025 06:04:55.259] [Render thread/INFO] [com.mojang.blaze3d.opengl.GlProgram/]: Info log when linking program containing VS minecraft:core/entity and FS minecraft:core/entity. Log output: WARNING: Output of vertex shader 'overlayColor' not read by fragment shader

[10Nov2025 06:04:55.267] [Render thread/INFO] [com.mojang.blaze3d.opengl.GlProgram/]: Info log when linking program containing VS minecraft:core/terrain and FS minecraft:core/terrain. Log output: WARNING: Could not find vertex shader attribute 'Normal' to match BindAttributeLocation request.

[10Nov2025 06:04:55.268] [Render thread/INFO] [com.mojang.blaze3d.opengl.GlProgram/]: Info log when linking program containing VS minecraft:core/rendertype_text_background_see_through and FS minecraft:core/rendertype_text_background_see_through. Log output: WARNING: Could not find vertex shader attribute 'UV2' to match BindAttributeLocation request.

[10Nov2025 06:04:55.269] [Render thread/INFO] [com.mojang.blaze3d.opengl.GlProgram/]: Info log when linking program containing VS minecraft:core/entity and FS minecraft:core/entity. Log output: WARNING: Output of vertex shader 'overlayColor' not read by fragment shader

[10Nov2025 06:04:55.269] [Render thread/INFO] [com.mojang.blaze3d.opengl.GlProgram/]: Info log when linking program containing VS minecraft:core/terrain and FS minecraft:core/terrain. Log output: WARNING: Could not find vertex shader attribute 'Normal' to match BindAttributeLocation request.

[10Nov2025 06:04:55.273] [Render thread/INFO] [com.mojang.blaze3d.opengl.GlProgram/]: Info log when linking program containing VS minecraft:core/entity and FS minecraft:core/entity. Log output: WARNING: Output of vertex shader 'overlayColor' not read by fragment shader

[10Nov2025 06:04:55.276] [Render thread/INFO] [com.mojang.blaze3d.opengl.GlProgram/]: Info log when linking program containing VS minecraft:core/terrain and FS minecraft:core/terrain. Log output: WARNING: Could not find vertex shader attribute 'Normal' to match BindAttributeLocation request.

[10Nov2025 06:04:55.281] [Render thread/INFO] [com.mojang.blaze3d.opengl.GlProgram/]: Info log when linking program containing VS minecraft:core/entity and FS minecraft:core/entity. Log output: WARNING: Could not find vertex shader attribute 'UV2' to match BindAttributeLocation request.

[10Nov2025 06:04:55.283] [Render thread/INFO] [com.mojang.blaze3d.opengl.GlProgram/]: Info log when linking program containing VS minecraft:core/rendertype_beacon_beam and FS minecraft:core/rendertype_beacon_beam. Log output: WARNING: Could not find vertex shader attribute 'Normal' to match BindAttributeLocation request.
WARNING: Could not find vertex shader attribute 'UV2' to match BindAttributeLocation request.

[10Nov2025 06:04:55.285] [Render thread/INFO] [com.mojang.blaze3d.opengl.GlProgram/]: Info log when linking program containing VS minecraft:core/entity and FS minecraft:core/entity. Log output: WARNING: Could not find vertex shader attribute 'Normal' to match BindAttributeLocation request.

[10Nov2025 06:04:55.286] [Render thread/INFO] [com.mojang.blaze3d.opengl.GlProgram/]: Info log when linking program containing VS minecraft:core/terrain and FS minecraft:core/terrain. Log output: WARNING: Could not find vertex shader attribute 'Normal' to match BindAttributeLocation request.

[10Nov2025 06:04:55.287] [Render thread/INFO] [com.mojang.blaze3d.opengl.GlProgram/]: Info log when linking program containing VS minecraft:core/rendertype_entity_alpha and FS minecraft:core/rendertype_entity_alpha. Log output: WARNING: Could not find vertex shader attribute 'Normal' to match BindAttributeLocation request.
WARNING: Output of vertex shader 'texCoord1' not read by fragment shader
WARNING: Output of vertex shader 'texCoord2' not read by fragment shader

[10Nov2025 06:04:55.289] [Render thread/INFO] [com.mojang.blaze3d.opengl.GlProgram/]: Info log when linking program containing VS minecraft:core/rendertype_translucent_moving_block and FS minecraft:core/rendertype_translucent_moving_block. Log output: WARNING: Could not find vertex shader attribute 'Normal' to match BindAttributeLocation request.

[10Nov2025 06:04:55.290] [Render thread/INFO] [com.mojang.blaze3d.opengl.GlProgram/]: Info log when linking program containing VS minecraft:core/rendertype_text_see_through and FS minecraft:core/rendertype_text_see_through. Log output: WARNING: Could not find vertex shader attribute 'UV2' to match BindAttributeLocation request.

[10Nov2025 06:04:55.293] [Render thread/INFO] [com.mojang.blaze3d.opengl.GlProgram/]: Info log when linking program containing VS minecraft:core/entity and FS minecraft:core/entity. Log output: WARNING: Could not find vertex shader attribute 'Normal' to match BindAttributeLocation request.
WARNING: Could not find vertex shader attribute 'UV2' to match BindAttributeLocation request.
WARNING: Output of vertex shader 'overlayColor' not read by fragment shader

[10Nov2025 06:04:55.294] [Render thread/INFO] [com.mojang.blaze3d.opengl.GlProgram/]: Info log when linking program containing VS minecraft:core/rendertype_text_intensity_see_through and FS minecraft:core/rendertype_text_intensity_see_through. Log output: WARNING: Could not find vertex shader attribute 'UV2' to match BindAttributeLocation request.

[10Nov2025 06:04:55.298] [Render thread/INFO] [com.mojang.blaze3d.opengl.GlProgram/]: Info log when linking program containing VS minecraft:core/rendertype_entity_shadow and FS minecraft:core/rendertype_entity_shadow. Log output: WARNING: Could not find vertex shader attribute 'UV1' to match BindAttributeLocation request.
WARNING: Could not find vertex shader attribute 'Normal' to match BindAttributeLocation request.
WARNING: Could not find vertex shader attribute 'UV2' to match BindAttributeLocation request.

[10Nov2025 06:04:55.301] [Render thread/INFO] [com.mojang.blaze3d.opengl.GlProgram/]: Info log when linking program containing VS minecraft:core/rendertype_crumbling and FS minecraft:core/rendertype_crumbling. Log output: WARNING: Could not find vertex shader attribute 'Normal' to match BindAttributeLocation request.
WARNING: Output of vertex shader 'texCoord2' not read by fragment shader

[10Nov2025 06:04:55.302] [Render thread/INFO] [com.mojang.blaze3d.opengl.GlProgram/]: Info log when linking program containing VS minecraft:core/terrain and FS minecraft:core/terrain. Log output: WARNING: Could not find vertex shader attribute 'Normal' to match BindAttributeLocation request.

[10Nov2025 06:04:55.304] [Render thread/INFO] [com.mojang.blaze3d.opengl.GlProgram/]: Info log when linking program containing VS minecraft:core/rendertype_beacon_beam and FS minecraft:core/rendertype_beacon_beam. Log output: WARNING: Could not find vertex shader attribute 'Normal' to match BindAttributeLocation request.
WARNING: Could not find vertex shader attribute 'UV2' to match BindAttributeLocation request.

[10Nov2025 06:04:55.307] [Render thread/INFO] [com.mojang.blaze3d.opengl.GlProgram/]: Info log when linking program containing VS minecraft:core/rendertype_item_entity_translucent_cull and FS minecraft:core/rendertype_item_entity_translucent_cull. Log output: WARNING: Output of vertex shader 'texCoord1' not read by fragment shader
WARNING: Output of vertex shader 'texCoord2' not read by fragment shader

[10Nov2025 06:04:55.307] [Render thread/INFO] [com.mojang.blaze3d.opengl.GlProgram/]: Info log when linking program containing VS minecraft:core/entity and FS minecraft:core/entity. Log output: WARNING: Output of vertex shader 'overlayColor' not read by fragment shader

[10Nov2025 06:04:55.347] [Render thread/INFO] [com.mojang.blaze3d.audio.Library/]: OpenAL initialized on device MacBook Air Speakers
[10Nov2025 06:04:55.349] [Render thread/INFO] [net.minecraft.client.sounds.SoundEngine/SOUNDS]: Sound engine started
[10Nov2025 06:04:55.349] [Render thread/INFO] [net.minecraft.client.renderer.texture.TextureAtlas/]: Created: 512x256x0 minecraft:textures/atlas/particles.png-atlas
[10Nov2025 06:04:55.350] [Render thread/INFO] [net.minecraft.client.renderer.texture.TextureAtlas/]: Created: 128x64x0 minecraft:textures/atlas/decorated_pot.png-atlas
[10Nov2025 06:04:55.350] [Render thread/INFO] [net.minecraft.client.renderer.texture.TextureAtlas/]: Created: 2048x1024x0 minecraft:textures/atlas/armor_trims.png-atlas
[10Nov2025 06:04:55.352] [Render thread/INFO] [net.minecraft.client.renderer.texture.TextureAtlas/]: Created: 512x256x0 minecraft:textures/atlas/paintings.png-atlas
[10Nov2025 06:04:55.352] [Render thread/INFO] [net.minecraft.client.renderer.texture.TextureAtlas/]: Created: 512x512x0 minecraft:textures/atlas/shield_patterns.png-atlas
[10Nov2025 06:04:55.353] [Render thread/INFO] [net.minecraft.client.renderer.texture.TextureAtlas/]: Created: 1024x512x4 minecraft:textures/atlas/blocks.png-atlas
[10Nov2025 06:04:55.359] [Render thread/INFO] [net.minecraft.client.renderer.texture.TextureAtlas/]: Created: 512x256x0 minecraft:textures/atlas/chest.png-atlas
[10Nov2025 06:04:55.360] [Render thread/INFO] [net.minecraft.client.renderer.texture.TextureAtlas/]: Created: 512x512x0 minecraft:textures/atlas/banner_patterns.png-atlas
[10Nov2025 06:04:55.360] [Render thread/INFO] [net.minecraft.client.renderer.texture.TextureAtlas/]: Created: 512x256x0 minecraft:textures/atlas/beds.png-atlas
[10Nov2025 06:04:55.360] [Render thread/INFO] [net.minecraft.client.renderer.texture.TextureAtlas/]: Created: 1024x512x0 minecraft:textures/atlas/gui.png-atlas
[10Nov2025 06:04:55.361] [Render thread/INFO] [net.minecraft.client.renderer.texture.TextureAtlas/]: Created: 64x64x0 minecraft:textures/atlas/map_decorations.png-atlas
[10Nov2025 06:04:55.361] [Render thread/INFO] [net.minecraft.client.renderer.texture.TextureAtlas/]: Created: 256x256x0 minecraft:textures/atlas/signs.png-atlas
[10Nov2025 06:04:55.361] [Render thread/INFO] [net.minecraft.client.renderer.texture.TextureAtlas/]: Created: 512x256x0 minecraft:textures/atlas/shulker_boxes.png-atlas
[10Nov2025 06:04:55.409] [Render thread/WARN] [net.minecraft.client.resources.model.ModelManager/]: No model loaded for default item model ID skyandsea:example_block of skyandsea:example_block
[10Nov2025 06:04:55.409] [Render thread/WARN] [net.minecraft.client.resources.model.ModelManager/]: No model loaded for default item model ID skyandsea:example_item of skyandsea:example_item
[10Nov2025 06:04:55.410] [Render thread/INFO] [net.neoforged.neoforge.client.entity.animation.json.AnimationLoader/]: Loaded 0 entity animations
[10Nov2025 06:04:55.473] [Render thread/DEBUG] [net.neoforged.fml.classloading.transformation.ClassTransformStatistics/]: Transformed/total loaded classes: 395/6984 (5.66%) and 5 parsed for mixin
[10Nov2025 06:05:03.474] [Render thread/DEBUG] [net.neoforged.fml.classloading.transformation.ClassTransformStatistics/]: Transformed/total loaded classes: 397/7075 (5.61%) and 5 parsed for mixin
[10Nov2025 06:05:03.475] [Render thread/INFO] [net.minecraft.client.Minecraft/]: Stopping!
